app/build/outputs/logs/manifest-merger-debug-report.txt
-- Merging decision tree log ---
manifest
ADDED from src\main\AndroidManifest.xml:2:1-30:12
	xmlns:android
		ADDED from src\main\AndroidManifest.xml:2:11-69
	package
		ADDED from src\main\AndroidManifest.xml:3:2-40
		INJECTED from src\main\AndroidManifest.xml
		INJECTED from src\main\AndroidManifest.xml
	android:versionName
		ADDED from src\main\AndroidManifest.xml:3:41-66
	android:versionCode
		ADDED from src\main\AndroidManifest.xml:3:67-91
		INJECTED from src\main\AndroidManifest.xml
		INJECTED from src\main\AndroidManifest.xml
application
ADDED from src\main\AndroidManifest.xml:4:2-23:15
	android:label
		ADDED from src\main\AndroidManifest.xml:4:15-47
	android:icon
		ADDED from src\main\AndroidManifest.xml:4:48-81
activity#com.hectorone.multismssender.MultiSmsSender
ADDED from src\main\AndroidManifest.xml:5:3-10:14
	android:label
		ADDED from src\main\AndroidManifest.xml:5:44-76
	android:name
		ADDED from src\main\AndroidManifest.xml:5:13-43
intent-filter#android.intent.action.MAIN+android.intent.category.LAUNCHER
ADDED from src\main\AndroidManifest.xml:6:4-9:20
action#android.intent.action.MAIN
ADDED from src\main\AndroidManifest.xml:7:5-57
	android:name
		ADDED from src\main\AndroidManifest.xml:7:13-54
category#android.intent.category.LAUNCHER
ADDED from src\main\AndroidManifest.xml:8:5-65
	android:name
		ADDED from src\main\AndroidManifest.xml:8:15-62
activity#com.hectorone.multismssender.PhoneNumberSelection
ADDED from src\main\AndroidManifest.xml:11:3-61
	android:name
		ADDED from src\main\AndroidManifest.xml:11:13-49
activity#com.hectorone.multismssender.SelectGroupActivity
ADDED from src\main\AndroidManifest.xml:12:3-59
	android:name
		ADDED from src\main\AndroidManifest.xml:12:13-47
activity#com.hectorone.multismssender.GroupEditActivity
ADDED from src\main\AndroidManifest.xml:13:3-57
	android:name
		ADDED from src\main\AndroidManifest.xml:13:13-45
activity#com.hectorone.multismssender.SelectDeliveryActivity
ADDED from src\main\AndroidManifest.xml:14:3-62
	android:name
		ADDED from src\main\AndroidManifest.xml:14:13-50
activity#com.hectorone.multismssender.ListEntryActivity
ADDED from src\main\AndroidManifest.xml:15:3-57
	android:name
		ADDED from src\main\AndroidManifest.xml:15:13-45
receiver#com.hectorone.multismssender.MessageReceiver
ADDED from src\main\AndroidManifest.xml:16:3-21:14
	android:enabled
		ADDED from src\main\AndroidManifest.xml:16:44-66
	android:name
		ADDED from src\main\AndroidManifest.xml:16:13-43
intent-filter#com.hectorone.multismssender.SMS_RECEIVED
ADDED from src\main\AndroidManifest.xml:17:4-20:20
action#com.hectorone.multismssender.SMS_RECEIVED
ADDED from src\main\AndroidManifest.xml:18:5-71
	android:name
		ADDED from src\main\AndroidManifest.xml:18:13-69
data
ADDED from src\main\AndroidManifest.xml:19:5-103
	android:mimeType
		ADDED from src\main\AndroidManifest.xml:19:11-101
provider#com.hectorone.multismssender.DeliveryDbAdapter
ADDED from src\main\AndroidManifest.xml:22:1-116
	android:authorities
		ADDED from src\main\AndroidManifest.xml:22:11-70
	android:name
		ADDED from src\main\AndroidManifest.xml:22:71-104
uses-sdk
ADDED from src\main\AndroidManifest.xml:24:2-40
	android:targetSdkVersion
		INJECTED from src\main\AndroidManifest.xml
		INJECTED from src\main\AndroidManifest.xml
	android:minSdkVersion
		ADDED from src\main\AndroidManifest.xml:24:12-37
		INJECTED from src\main\AndroidManifest.xml
		INJECTED from src\main\AndroidManifest.xml
uses-permission#android.permission.READ_CONTACTS
ADDED from src\main\AndroidManifest.xml:25:2-85
	android:name
		ADDED from src\main\AndroidManifest.xml:25:19-66
uses-permission#android.permission.SEND_SMS
ADDED from src\main\AndroidManifest.xml:26:2-80
	android:name
		ADDED from src\main\AndroidManifest.xml:26:19-61
uses-permission#android.permission.RECEIVE_SMS
ADDED from src\main\AndroidManifest.xml:27:2-83
	android:name
		ADDED from src\main\AndroidManifest.xml:27:19-64
uses-permission#android.permission.WRITE_SMS
ADDED from src\main\AndroidManifest.xml:28:2-81
	android:name
		ADDED from src\main\AndroidManifest.xml:28:19-62
uses-permission#android.permission.READ_SMS
ADDED from src\main\AndroidManifest.xml:29:2-80
	android:name
		ADDED from src\main\AndroidManifest.xml:29:19-61